1465218016|/php2/index.php|
1465218065|/php2/index.php?id=about|http://localhost/php2/index.php
1465219218|/php2/|
1465219220|/php2/index.php?id=log|http://localhost/php2/
1465219376|/php2/index.php?id=log|http://localhost/php2/
1465219449|/php2/index.php?id=log|http://localhost/php2/
1465219454|/php2/index.php?id=log|http://localhost/php2/index.php?id=log
1465220540|/php2/index.php?id=log|http://localhost/php2/index.php?id=about
1465220635|/php2/index.php?id=log|http://localhost/php2/index.php?id=about
1465220879|/php2/index.php?id=log|http://localhost/php2/index.php?id=log
1465220995|/php2/index.php?id=log|http://localhost/php2/index.php?id=log
1465221023|/php2/index.php?id=log|http://localhost/php2/index.php?id=log
1465221317|/php2/index.php?id=log|http://localhost/php2/index.php?id=log
1465221584|/php2/index.php?id=log|http://localhost/php2/index.php?id=log
1465221636|/php2/index.php?id=log|http://localhost/php2/index.php?id=log
1465222492|/php2/index.php|
1465222768|/php2/index.php?id=log|http://localhost/php2/index.php
1465222804|/php2/index.php?id=log|http://localhost/php2/index.php
1465222811|/php2/index.php?id=log|http://localhost/php2/index.php?id=log
1465222889|/php2/index.php?id=log|http://localhost/php2/index.php?id=log
1465222894|/php2/index.php?id=log|http://localhost/php2/index.php?id=log
1465222961|/php2/index.php?id=log|http://localhost/php2/index.php?id=log
1465223062|/php2/index.php?id=log|http://localhost/php2/index.php?id=log
1465223083|/php2/index.php?id=log|http://localhost/php2/index.php?id=log
1465223428|/php2/index.php?id=log|http://localhost/php2/index.php?id=log
1465223468|/php2/index.php?id=log|http://localhost/php2/index.php?id=log
1465223484|/php2/index.php?id=log|http://localhost/php2/index.php?id=log
1465223815|/php2/index.php?id=log|http://localhost/php2/index.php?id=log
1465224470|/php2/index.php?id=log|http://localhost/php2/index.php?id=log
1465229597|/php2/index.php|http://localhost/php2/index.php?id=log
1465229636|/php2/index.php|http://localhost/php2/index.php
1465229638|/php2/index.php?id=log|http://localhost/php2/index.php
1465362710|/php2/|
1466678484|/php2/|
1466678486|/php2/index.php?id=gbook|http://localhost/php2/
1466678642|/php2/index.php?id=gbook|http://localhost/php2/
1466678757|/php2/index.php?id=gbook|http://localhost/php2/index.php?id=gbook
1466679142|/php2/index.php?id=gbook|http://localhost/php2/index.php?id=gbook
1466679176|/php2/index.php?id=gbook|http://localhost/php2/index.php?id=gbook
1466679179|/php2/index.php?id=gbook|http://localhost/php2/index.php?id=gbook
1466679183|/php2/index.php?id=gbook|http://localhost/php2/index.php?id=gbook
1466679191|/php2/index.php?id=gbook|http://localhost/php2/index.php?id=gbook
1466679201|/php2/index.php?id=gbook|http://localhost/php2/index.php?id=gbook
1466679213|/php2/index.php?id=gbook|http://localhost/php2/index.php?id=gbook
1466679475|/php2/index.php?id=gbook|http://localhost/php2/index.php?id=gbook
1466679543|/php2/index.php?id=gbook|http://localhost/php2/index.php?id=gbook
1466679875|/php2/index.php?id=gbook|http://localhost/php2/index.php?id=gbook
1466680038|/php2/index.php?id=gbook|http://localhost/php2/index.php?id=gbook
1466680042|/php2/index.php?id=gbook|http://localhost/php2/index.php?id=gbook
1466680108|/php2/index.php?id=gbook|http://localhost/php2/index.php?id=gbook
1466680238|/php2/index.php?id=gbook|http://localhost/php2/index.php?id=gbook
1466680240|/php2/index.php?id=gbook|http://localhost/php2/index.php?id=gbook
1466680273|/php2/index.php?id=gbook|http://localhost/php2/index.php?id=gbook
1466681840|/php2/index.php?id=gbook|http://localhost/php2/index.php?id=gbook
1466681847|/php2/index.php?id=gbook|http://localhost/php2/index.php?id=gbook
1466681848|/php2/index.php?id=gbook|http://localhost/php2/index.php?id=gbook
1466682266|/php2/index.php?id=gbook|http://localhost/php2/index.php?id=gbook
1466682272|/php2/index.php?id=gbook|http://localhost/php2/index.php?id=gbook
1466682273|/php2/index.php?id=gbook|http://localhost/php2/index.php?id=gbook
1466685456|/php2/index.php?id=gbook|http://localhost/php2/index.php?id=gbook
1466685560|/php2/index.php?id=gbook|http://localhost/php2/index.php?id=gbook
1466685581|/php2/index.php?id=gbook|http://localhost/php2/index.php?id=gbook
1466685599|/php2/index.php?id=gbook|http://localhost/php2/index.php?id=gbook
1466685709|/php2/index.php?id=gbook|http://localhost/php2/index.php?id=gbook
1466685820|/php2/index.php?id=gbook|http://localhost/php2/index.php?id=gbook
1466685822|/php2/index.php?id=gbook|http://localhost/php2/index.php?id=gbook
1466685974|/php2/index.php?id=gbook|http://localhost/php2/index.php?id=gbook
1466686002|/php2/index.php?id=gbook|http://localhost/php2/index.php?id=gbook
1466686024|/php2/index.php?id=gbook|http://localhost/php2/index.php?id=gbook
1466686034|/php2/index.php?id=gbook|http://localhost/php2/index.php?id=gbook
1466686074|/php2/index.php?id=gbook|http://localhost/php2/index.php?id=gbook
1466686110|/php2/index.php?id=gbook|http://localhost/php2/index.php?id=gbook
1466686150|/php2/index.php?id=gbook|http://localhost/php2/index.php?id=gbook
1466686168|/php2/index.php?id=gbook|http://localhost/php2/index.php?id=gbook
1466686221|/php2/index.php?id=gbook|http://localhost/php2/index.php?id=gbook
1466686253|/php2/index.php?id=gbook|http://localhost/php2/index.php?id=gbook
1466686348|/php2/index.php?id=gbook|http://localhost/php2/index.php?id=gbook
1466686401|/php2/index.php?id=gbook|http://localhost/php2/index.php?id=gbook
1466686417|/php2/index.php?id=gbook|http://localhost/php2/index.php?id=gbook
1466686433|/php2/index.php?id=gbook|http://localhost/php2/index.php?id=gbook
1466686471|/php2/index.php?id=gbook|http://localhost/php2/index.php?id=gbook
1466686621|/php2/index.php?id=gbook|http://localhost/php2/index.php?id=gbook
1466686931|/php2/index.php?id=gbook|http://localhost/php2/index.php?id=gbook
1466687011|/php2/index.php?id=gbook|http://localhost/php2/index.php?id=gbook
1466687034|/php2/index.php?id=gbook|http://localhost/php2/index.php?id=gbook
1466687047|/php2/index.php?id=gbook|http://localhost/php2/index.php?id=gbook
1466687135|/php2/index.php?id=gbook|http://localhost/php2/index.php?id=gbook
1466687137|/php2/index.php?id=gbook|http://localhost/php2/index.php?id=gbook
1466687158|/php2/index.php?id=gbook|http://localhost/php2/index.php?id=gbook
1466687173|/php2/index.php?id=gbook|http://localhost/php2/index.php?id=gbook
1466687200|/php2/index.php?id=gbook|http://localhost/php2/index.php?id=gbook
1466687246|/php2/index.php?id=gbook|http://localhost/php2/index.php?id=gbook
1466687346|/php2/index.php?id=gbook|http://localhost/php2/index.php?id=gbook
1466687362|/php2/index.php?id=gbook|http://localhost/php2/index.php?id=gbook
1466687415|/php2/index.php?id=gbook|http://localhost/php2/index.php?id=gbook
1466687428|/php2/index.php?id=gbook|http://localhost/php2/index.php?id=gbook
1466687520|/php2/index.php?id=gbook|http://localhost/php2/index.php?id=gbook
1466687567|/php2/index.php?id=gbook|http://localhost/php2/index.php?id=gbook
1466688151|/php2/index.php?id=gbook|http://localhost/php2/index.php?id=gbook
1466688227|/php2/index.php?id=gbook|http://localhost/php2/index.php?id=gbook
1466688305|/php2/index.php?id=gbook|http://localhost/php2/index.php?id=gbook
1466688435|/php2/index.php?id=gbook|http://localhost/php2/index.php?id=gbook
1466688507|/php2/index.php?id=gbook|http://localhost/php2/index.php?id=gbook
1466688532|/php2/index.php?id=gbook|http://localhost/php2/index.php?id=gbook
1466688534|/php2/index.php?id=gbook|http://localhost/php2/index.php?id=gbook
1466688535|/php2/index.php?id=gbook|http://localhost/php2/index.php?id=gbook
1466688571|/php2/index.php?id=gbook|http://localhost/php2/index.php?id=gbook
1466688619|/php2/index.php?id=gbook|http://localhost/php2/index.php?id=gbook
1466688635|/php2/index.php?id=gbook|http://localhost/php2/index.php?id=gbook
1466688647|/php2/index.php?id=gbook|http://localhost/php2/index.php?id=gbook
1466688671|/php2/index.php?id=gbook|http://localhost/php2/index.php?id=gbook
1466688687|/php2/index.php?id=gbook|http://localhost/php2/index.php?id=gbook
1466688698|/php2/index.php?id=gbook|http://localhost/php2/index.php?id=gbook
1466688716|/php2/index.php?id=gbook|http://localhost/php2/index.php?id=gbook
1466688780|/php2/index.php?id=gbook|http://localhost/php2/index.php?id=gbook
1466688793|/php2/index.php?id=gbook|http://localhost/php2/index.php?id=gbook
1466688807|/php2/index.php?id=gbook|http://localhost/php2/index.php?id=gbook
1466688926|/php2/index.php?id=gbook|http://localhost/php2/index.php?id=gbook
1466689015|/php2/index.php?id=gbook|http://localhost/php2/index.php?id=gbook
1466689146|/php2/index.php?id=gbook|http://localhost/php2/index.php?id=gbook
1466689228|/php2/index.php?id=gbook|http://localhost/php2/index.php?id=gbook
1466689267|/php2/index.php?id=gbook|http://localhost/php2/index.php?id=gbook
1466689358|/php2/|
1466689361|/php2/index.php?id=gbook|http://localhost/php2/
1466689393|/php2/index.php?id=gbook|http://localhost/php2/
1466689435|/php2/index.php?id=gbook|http://localhost/php2/
1466689469|/php2/index.php?id=gbook|http://localhost/php2/
1466689477|/php2/index.php?id=gbook|http://localhost/php2/
1466689512|/php2/index.php?id=gbook|http://localhost/php2/
1466689560|/php2/index.php?id=gbook|http://localhost/php2/
1466689638|/php2/index.php?id=gbook|http://localhost/php2/
1466689657|/php2/index.php?id=gbook|http://localhost/php2/
1466689688|/php2/index.php?id=gbook|http://localhost/php2/
1466689779|/php2/index.php?id=gbook|http://localhost/php2/
1466689827|/php2/index.php?id=gbook|http://localhost/php2/
1466689852|/php2/index.php?id=gbook|http://localhost/php2/
1466689869|/php2/index.php?id=gbook|http://localhost/php2/
1466690144|/php2/index.php?id=gbook|http://localhost/php2/
1466690162|/php2/index.php?id=gbook|http://localhost/php2/
1466690267|/php2/index.php?id=gbook&del=3|http://localhost/php2/index.php?id=gbook
1466690756|/php2/index.php?id=gbook|http://localhost/php2/index.php?id=gbook&del=3
1466690761|/php2/index.php?id=gbook&del=3|http://localhost/php2/index.php?id=gbook
1466690766|/php2/index.php?id=gbook|http://localhost/php2/index.php?id=gbook&del=3
1466690773|/php2/index.php?id=gbook|http://localhost/php2/index.php?id=gbook
1466690776|/php2/index.php?id=gbook&del=3|http://localhost/php2/index.php?id=gbook
1466690867|/php2/index.php?id=gbook|http://localhost/php2/index.php?id=gbook&del=3
1466690871|/php2/index.php?id=gbook&del=3|http://localhost/php2/index.php?id=gbook
1466690874|/php2/index.php?id=gbook&del=3|http://localhost/php2/index.php?id=gbook&del=3
1466690986|/php2/index.php?id=gbook|http://localhost/php2/index.php?id=gbook&del=3
1466690989|/php2/index.php?id=gbook&del=3|http://localhost/php2/index.php?id=gbook
1466690991|/php2/index.php?id=gbook|http://localhost/php2/index.php?id=gbook&del=3
1466691062|/php2/index.php?id=gbook|http://localhost/php2/index.php?id=gbook
1466691066|/php2/index.php?id=gbook&del=3|http://localhost/php2/index.php?id=gbook
1466691609|/php2/index.php?id=gbook&del=3|http://localhost/php2/index.php?id=gbook
1466691622|/php2/index.php?id=gbook&del=3|http://localhost/php2/index.php?id=gbook
1466691670|/php2/index.php?id=gbook&del=3|http://localhost/php2/index.php?id=gbook&del=3
1466691670|/php2/index.php?id=gbook&del=3|http://localhost/php2/index.php?id=gbook&del=3
1466691893|/php2/index.php?id=gbook&del=3|http://localhost/php2/index.php?id=gbook&del=3
1466691893|/php2/index.php?id=gbook&del=3|http://localhost/php2/index.php?id=gbook&del=3
1466692372|/php2/index.php?id=gbook&del=2|http://localhost/php2/index.php?id=gbook&del=3
1466692380|/php2/index.php?id=gbook&del=2|http://localhost/php2/index.php?id=gbook&del=3
1466692381|/php2/index.php?id=gbook&del=2|http://localhost/php2/index.php?id=gbook&del=3
1466763199|/php2/|http://localhost/
1466763338|/php2/|
1466763834|/php2/|
1466763844|/php2/index.php|http://localhost/php2/
1466763854|/php2/index.php?id=log|http://localhost/php2/index.php
1508345570|/php2/|
1508345591|/php2/|
1508345611|/php2/|
1508345627|/php2/|
1508345646|/php2/|
1508345685|/php2/|
1508345686|/php2/|
1508345705|/php2/|
1508359431|/php2/|
1508440117|/php2/|
1511558221|/php2/|
1511629742|/php2/|
1511629753|/php2/index.php?id=gbook|http://localhost/php2/
1511629765|/php2/index.php?id=log|http://localhost/php2/index.php?id=gbook
1511630802|/php2/index.php|http://localhost/php2/index.php?id=log
1511630805|/php2/index.php?id=contact|http://localhost/php2/index.php
1511630806|/php2/index.php|http://localhost/php2/index.php?id=contact
1511630832|/php2/index.php|http://localhost/php2/index.php
1511630842|/php2/index.php?id=contact|http://localhost/php2/index.php
1511630845|/php2/index.php|http://localhost/php2/index.php?id=contact
1511631773|/php2/index.php?id=log|http://localhost/php2/index.php
1511808459|/php2/index.php|http://localhost/php2/test/
1512169320|/php2/|
